# JRE version: OpenJDK Runtime Environment (17.0.11) (build 17.0.11+0--11852314)
# Java VM: OpenJDK 64-Bit Server VM (17.0.11+0--11852314, mixed mode, tiered, compressed oops, compressed class ptrs, g1 gc, windows-amd64)
GC Precious Log:
 CPUs: 12 total, 12 available
 Memory: 8054M
 Large Page Support: Disabled
 NUMA Support: Disabled
 Compressed Oops: Enabled (Zero based)
 Heap Region Size: 2M
 Heap Min Capacity: 8M
 Heap Initial Capacity: 126M
 Heap Max Capacity: 4G
 Pre-touch: Disabled
 Parallel Workers: 10
 Concurrent Workers: 3
 Concurrent Refinement Workers: 10
 Periodic GC: Disabled
Heap:
 garbage-first heap   total 387072K, used 242252K [0x0000000700000000, 0x0000000800000000)
  region size 2048K, 6 young (12288K), 6 survivors (12288K)
 Metaspace       used 156377K, committed 157760K, reserved 1245184K
  class space    used 21291K, committed 21888K, reserved 1048576K
GC Heap History (20 events):
Event: 100.763 GC heap after
{Heap after GC invocations=52 (full 0):
 garbage-first heap   total 290816K, used 196072K [0x0000000700000000, 0x0000000800000000)
  region size 2048K, 4 young (8192K), 4 survivors (8192K)
 Metaspace       used 122125K, committed 123328K, reserved 1179648K
  class space    used 16743K, committed 17280K, reserved 1048576K
}
Event: 100.793 GC heap before
{Heap before GC invocations=52 (full 0):
 garbage-first heap   total 290816K, used 214504K [0x0000000700000000, 0x0000000800000000)
  region size 2048K, 5 young (10240K), 4 survivors (8192K)
 Metaspace       used 122125K, committed 123328K, reserved 1179648K
  class space    used 16743K, committed 17280K, reserved 1048576K
}
Event: 100.796 GC heap after
{Heap after GC invocations=53 (full 0):
 garbage-first heap   total 290816K, used 198512K [0x0000000700000000, 0x0000000800000000)
  region size 2048K, 2 young (4096K), 2 survivors (4096K)
 Metaspace       used 122125K, committed 123328K, reserved 1179648K
  class space    used 16743K, committed 17280K, reserved 1048576K
}
Event: 100.804 GC heap before
{Heap before GC invocations=53 (full 0):
 garbage-first heap   total 290816K, used 208752K [0x0000000700000000, 0x0000000800000000)
  region size 2048K, 2 young (4096K), 2 survivors (4096K)
 Metaspace       used 122125K, committed 123328K, reserved 1179648K
  class space    used 16743K, committed 17280K, reserved 1048576K
}
Event: 100.806 GC heap after
{Heap after GC invocations=54 (full 0):
 garbage-first heap   total 380928K, used 202595K [0x0000000700000000, 0x0000000800000000)
  region size 2048K, 2 young (4096K), 2 survivors (4096K)
 Metaspace       used 122125K, committed 123328K, reserved 1179648K
  class space    used 16743K, committed 17280K, reserved 1048576K
}
Event: 100.813 GC heap before
{Heap before GC invocations=54 (full 0):
 garbage-first heap   total 380928K, used 208739K [0x0000000700000000, 0x0000000800000000)
  region size 2048K, 3 young (6144K), 2 survivors (4096K)
 Metaspace       used 122125K, committed 123328K, reserved 1179648K
  class space    used 16743K, committed 17280K, reserved 1048576K
}
Event: 100.815 GC heap after
{Heap after GC invocations=55 (full 0):
 garbage-first heap   total 380928K, used 198905K [0x0000000700000000, 0x0000000800000000)
  region size 2048K, 2 young (4096K), 2 survivors (4096K)
 Metaspace       used 122125K, committed 123328K, reserved 1179648K
  class space    used 16743K, committed 17280K, reserved 1048576K
}
Event: 101.904 GC heap before
{Heap before GC invocations=56 (full 0):
 garbage-first heap   total 387072K, used 340217K [0x0000000700000000, 0x0000000800000000)
  region size 2048K, 49 young (100352K), 2 survivors (4096K)
 Metaspace       used 128717K, committed 129984K, reserved 1179648K
  class space    used 17393K, committed 17984K, reserved 1048576K
}
Event: 101.910 GC heap after
{Heap after GC invocations=57 (full 0):
 garbage-first heap   total 387072K, used 200379K [0x0000000700000000, 0x0000000800000000)
  region size 2048K, 5 young (10240K), 5 survivors (10240K)
 Metaspace       used 128717K, committed 129984K, reserved 1179648K
  class space    used 17393K, committed 17984K, reserved 1048576K
}
Event: 101.962 GC heap before
{Heap before GC invocations=57 (full 0):
 garbage-first heap   total 387072K, used 208571K [0x0000000700000000, 0x0000000800000000)
  region size 2048K, 9 young (18432K), 5 survivors (10240K)
 Metaspace       used 129726K, committed 131008K, reserved 1179648K
  class space    used 17518K, committed 18112K, reserved 1048576K
}
Event: 101.973 GC heap after
{Heap after GC invocations=58 (full 0):
 garbage-first heap   total 387072K, used 187913K [0x0000000700000000, 0x0000000800000000)
  region size 2048K, 1 young (2048K), 1 survivors (2048K)
 Metaspace       used 129726K, committed 131008K, reserved 1179648K
  class space    used 17518K, committed 18112K, reserved 1048576K
}
Event: 102.721 GC heap before
{Heap before GC invocations=58 (full 0):
 garbage-first heap   total 387072K, used 331273K [0x0000000700000000, 0x0000000800000000)
  region size 2048K, 61 young (124928K), 1 survivors (2048K)
 Metaspace       used 139774K, committed 141120K, reserved 1179648K
  class space    used 18660K, committed 19264K, reserved 1048576K
}
Event: 102.724 GC heap after
{Heap after GC invocations=59 (full 0):
 garbage-first heap   total 387072K, used 191761K [0x0000000700000000, 0x0000000800000000)
  region size 2048K, 3 young (6144K), 3 survivors (6144K)
 Metaspace       used 139774K, committed 141120K, reserved 1179648K
  class space    used 18660K, committed 19264K, reserved 1048576K
}
Event: 103.007 GC heap before
{Heap before GC invocations=59 (full 0):
 garbage-first heap   total 387072K, used 290065K [0x0000000700000000, 0x0000000800000000)
  region size 2048K, 53 young (108544K), 3 survivors (6144K)
 Metaspace       used 144534K, committed 145856K, reserved 1179648K
  class space    used 19241K, committed 19840K, reserved 1048576K
}
Event: 103.015 GC heap after
{Heap after GC invocations=60 (full 0):
 garbage-first heap   total 387072K, used 208227K [0x0000000700000000, 0x0000000800000000)
  region size 2048K, 8 young (16384K), 8 survivors (16384K)
 Metaspace       used 144534K, committed 145856K, reserved 1179648K
  class space    used 19241K, committed 19840K, reserved 1048576K
}
Event: 103.563 GC heap before
{Heap before GC invocations=61 (full 0):
 garbage-first heap   total 387072K, used 312675K [0x0000000700000000, 0x0000000800000000)
  region size 2048K, 59 young (120832K), 8 survivors (16384K)
 Metaspace       used 154987K, committed 156416K, reserved 1245184K
  class space    used 21136K, committed 21760K, reserved 1048576K
}
Event: 103.577 GC heap after
{Heap after GC invocations=62 (full 0):
 garbage-first heap   total 387072K, used 226027K [0x0000000700000000, 0x0000000800000000)
  region size 2048K, 8 young (16384K), 8 survivors (16384K)
 Metaspace       used 154987K, committed 156416K, reserved 1245184K
  class space    used 21136K, committed 21760K, reserved 1048576K
}
Event: 103.582 GC heap before
{Heap before GC invocations=62 (full 0):
 garbage-first heap   total 387072K, used 228075K [0x0000000700000000, 0x0000000800000000)
  region size 2048K, 9 young (18432K), 8 survivors (16384K)
 Metaspace       used 155026K, committed 156416K, reserved 1245184K
  class space    used 21138K, committed 21760K, reserved 1048576K
}
Event: 103.589 GC heap after
{Heap after GC invocations=63 (full 0):
 garbage-first heap   total 387072K, used 225459K [0x0000000700000000, 0x0000000800000000)
  region size 2048K, 2 young (4096K), 2 survivors (4096K)
 Metaspace       used 155026K, committed 156416K, reserved 1245184K
  class space    used 21138K, committed 21760K, reserved 1048576K
}
Event: 103.705 GC heap before
{Heap before GC invocations=63 (full 0):
 garbage-first heap   total 387072K, used 313523K [0x0000000700000000, 0x0000000800000000)
  region size 2048K, 45 young (92160K), 2 survivors (4096K)
 Metaspace       used 156377K, committed 157760K, reserved 1245184K
  class space    used 21291K, committed 21888K, reserved 1048576K
}

