GC Precious Log:
 CPUs: 12 total, 12 available
 Memory: 8054M
 Large Page Support: Disabled
 NUMA Support: Disabled
 Compressed Oops: Enabled (Zero based)
 Heap Region Size: 2M
 Heap Min Capacity: 8M
 Heap Initial Capacity: 126M
 Heap Max Capacity: 4G
 Pre-touch: Disabled
 Parallel Workers: 10
 Concurrent Workers: 3
 Concurrent Refinement Workers: 10
 Periodic GC: Disabled
Heap:
 garbage-first heap   total 395264K, used 298447K [0x0000000700000000, 0x0000000800000000)
  region size 2048K, 73 young (149504K), 1 survivors (2048K)
 Metaspace       used 131673K, committed 132800K, reserved 1179648K
  class space    used 18095K, committed 18624K, reserved 1048576K
GC Heap History (20 events):
Event: 10.870 GC heap before
{Heap before GC invocations=43 (full 0):
 garbage-first heap   total 223232K, used 170546K [0x0000000700000000, 0x0000000800000000)
  region size 2048K, 30 young (61440K), 5 survivors (10240K)
 Metaspace       used 97576K, committed 98496K, reserved 1179648K
  class space    used 13591K, committed 14016K, reserved 1048576K
}
Event: 10.879 GC heap after
{Heap after GC invocations=44 (full 0):
 garbage-first heap   total 223232K, used 132239K [0x0000000700000000, 0x0000000800000000)
  region size 2048K, 4 young (8192K), 4 survivors (8192K)
 Metaspace       used 97576K, committed 98496K, reserved 1179648K
  class space    used 13591K, committed 14016K, reserved 1048576K
}
Event: 11.242 GC heap before
{Heap before GC invocations=44 (full 0):
 garbage-first heap   total 223232K, used 175247K [0x0000000700000000, 0x0000000800000000)
  region size 2048K, 25 young (51200K), 4 survivors (8192K)
 Metaspace       used 99771K, committed 100608K, reserved 1179648K
  class space    used 13868K, committed 14272K, reserved 1048576K
}
Event: 11.248 GC heap after
{Heap after GC invocations=45 (full 0):
 garbage-first heap   total 223232K, used 137068K [0x0000000700000000, 0x0000000800000000)
  region size 2048K, 3 young (6144K), 3 survivors (6144K)
 Metaspace       used 99771K, committed 100608K, reserved 1179648K
  class space    used 13868K, committed 14272K, reserved 1048576K
}
Event: 11.697 GC heap before
{Heap before GC invocations=46 (full 0):
 garbage-first heap   total 245760K, used 178028K [0x0000000700000000, 0x0000000800000000)
  region size 2048K, 23 young (47104K), 3 survivors (6144K)
 Metaspace       used 103131K, committed 104000K, reserved 1179648K
  class space    used 14409K, committed 14848K, reserved 1048576K
}
Event: 11.701 GC heap after
{Heap after GC invocations=47 (full 0):
 garbage-first heap   total 245760K, used 139289K [0x0000000700000000, 0x0000000800000000)
  region size 2048K, 2 young (4096K), 2 survivors (4096K)
 Metaspace       used 103131K, committed 104000K, reserved 1179648K
  class space    used 14409K, committed 14848K, reserved 1048576K
}
Event: 12.286 GC heap before
{Heap before GC invocations=47 (full 0):
 garbage-first heap   total 245760K, used 196633K [0x0000000700000000, 0x0000000800000000)
  region size 2048K, 30 young (61440K), 2 survivors (4096K)
 Metaspace       used 107301K, committed 108288K, reserved 1179648K
  class space    used 14927K, committed 15360K, reserved 1048576K
}
Event: 12.292 GC heap after
{Heap after GC invocations=48 (full 0):
 garbage-first heap   total 245760K, used 144177K [0x0000000700000000, 0x0000000800000000)
  region size 2048K, 4 young (8192K), 4 survivors (8192K)
 Metaspace       used 107301K, committed 108288K, reserved 1179648K
  class space    used 14927K, committed 15360K, reserved 1048576K
}
Event: 12.931 GC heap before
{Heap before GC invocations=49 (full 0):
 garbage-first heap   total 256000K, used 195377K [0x0000000700000000, 0x0000000800000000)
  region size 2048K, 30 young (61440K), 4 survivors (8192K)
 Metaspace       used 112244K, committed 113280K, reserved 1179648K
  class space    used 15543K, committed 16000K, reserved 1048576K
}
Event: 12.936 GC heap after
{Heap after GC invocations=50 (full 0):
 garbage-first heap   total 256000K, used 147542K [0x0000000700000000, 0x0000000800000000)
  region size 2048K, 2 young (4096K), 2 survivors (4096K)
 Metaspace       used 112244K, committed 113280K, reserved 1179648K
  class space    used 15543K, committed 16000K, reserved 1048576K
}
Event: 12.997 GC heap before
{Heap before GC invocations=50 (full 0):
 garbage-first heap   total 256000K, used 153686K [0x0000000700000000, 0x0000000800000000)
  region size 2048K, 6 young (12288K), 2 survivors (4096K)
 Metaspace       used 113015K, committed 114048K, reserved 1179648K
  class space    used 15646K, committed 16128K, reserved 1048576K
}
Event: 13.003 GC heap after
{Heap after GC invocations=51 (full 0):
 garbage-first heap   total 256000K, used 148098K [0x0000000700000000, 0x0000000800000000)
  region size 2048K, 1 young (2048K), 1 survivors (2048K)
 Metaspace       used 113015K, committed 114048K, reserved 1179648K
  class space    used 15646K, committed 16128K, reserved 1048576K
}
Event: 13.123 GC heap before
{Heap before GC invocations=51 (full 0):
 garbage-first heap   total 256000K, used 164482K [0x0000000700000000, 0x0000000800000000)
  region size 2048K, 11 young (22528K), 1 survivors (2048K)
 Metaspace       used 114856K, committed 115904K, reserved 1179648K
  class space    used 15903K, committed 16384K, reserved 1048576K
}
Event: 13.127 GC heap after
{Heap after GC invocations=52 (full 0):
 garbage-first heap   total 256000K, used 148333K [0x0000000700000000, 0x0000000800000000)
  region size 2048K, 1 young (2048K), 1 survivors (2048K)
 Metaspace       used 114856K, committed 115904K, reserved 1179648K
  class space    used 15903K, committed 16384K, reserved 1048576K
}
Event: 14.002 GC heap before
{Heap before GC invocations=53 (full 0):
 garbage-first heap   total 264192K, used 213869K [0x0000000700000000, 0x0000000800000000)
  region size 2048K, 32 young (65536K), 1 survivors (2048K)
 Metaspace       used 120826K, committed 121792K, reserved 1179648K
  class space    used 16700K, committed 17152K, reserved 1048576K
}
Event: 14.005 GC heap after
{Heap after GC invocations=54 (full 0):
 garbage-first heap   total 264192K, used 151441K [0x0000000700000000, 0x0000000800000000)
  region size 2048K, 3 young (6144K), 3 survivors (6144K)
 Metaspace       used 120826K, committed 121792K, reserved 1179648K
  class space    used 16700K, committed 17152K, reserved 1048576K
}
Event: 14.055 GC heap before
{Heap before GC invocations=54 (full 0):
 garbage-first heap   total 264192K, used 155537K [0x0000000700000000, 0x0000000800000000)
  region size 2048K, 6 young (12288K), 3 survivors (6144K)
 Metaspace       used 122038K, committed 123072K, reserved 1179648K
  class space    used 16860K, committed 17344K, reserved 1048576K
}
Event: 14.059 GC heap after
{Heap after GC invocations=55 (full 0):
 garbage-first heap   total 264192K, used 151335K [0x0000000700000000, 0x0000000800000000)
  region size 2048K, 1 young (2048K), 1 survivors (2048K)
 Metaspace       used 122038K, committed 123072K, reserved 1179648K
  class space    used 16860K, committed 17344K, reserved 1048576K
}
Event: 14.067 GC heap before
{Heap before GC invocations=55 (full 0):
 garbage-first heap   total 264192K, used 151335K [0x0000000700000000, 0x0000000800000000)
  region size 2048K, 2 young (4096K), 1 survivors (2048K)
 Metaspace       used 122166K, committed 123200K, reserved 1179648K
  class space    used 16872K, committed 17344K, reserved 1048576K
}
Event: 14.068 GC heap after
{Heap after GC invocations=56 (full 0):
 garbage-first heap   total 395264K, used 150991K [0x0000000700000000, 0x0000000800000000)
  region size 2048K, 1 young (2048K), 1 survivors (2048K)
 Metaspace       used 122166K, committed 123200K, reserved 1179648K
  class space    used 16872K, committed 17344K, reserved 1048576K
}

